neolith/build/intermediates/manifest_merge_blame_file/debug/manifest-merger-blame-debug-report.txt
1<?xml version="1.0" encoding="utf-8"?>
2<manifest xmlns:android="http://schemas.android.com/apk/res/android"
3    package="neolith" >
4
5    <uses-sdk android:minSdkVersion="14" />
5-->src\main\AndroidManifest.xml
6
7    <uses-permission android:name="android.permission.ACCESS_NETWORK_STATE" />
7-->src\main\AndroidManifest.xml:4:3-77
7-->src\main\AndroidManifest.xml:4:20-74
8    <uses-permission android:name="android.permission.ACCESS_WIFI_STATE" />
8-->src\main\AndroidManifest.xml:5:3-74
8-->src\main\AndroidManifest.xml:5:20-71
9    <uses-permission android:name="android.permission.READ_PHONE_STATE" />
9-->src\main\AndroidManifest.xml:6:3-72
9-->src\main\AndroidManifest.xml:6:20-70
10
11</manifest>